<?xml version="1.0" encoding="UTF-8"?>
<testng-results skipped="0" failed="0" total="5" passed="5">
  <reporter-output>
    <line>
      <![CDATA[Login to : https://mail.ru/]]>
    </line>
    <line>
      <![CDATA[Login to mail.ru by: User [login=vra_atmmodule5, password=123456789_Vra]]]>
    </line>
    <line>
      <![CDATA[Email creation is started...Email [recipient=vra_atmmodule6@mail.ru, subject=TestSubject1534432859077, textBody=TestTextBody1534432859077]]]>
    </line>
    <line>
      <![CDATA[Check if email exists in Draft folder...]]>
    </line>
    <line>
      <![CDATA[Login to : https://mail.ru/]]>
    </line>
    <line>
      <![CDATA[Login to mail.ru by: User [login=vra_atmmodule5, password=123456789_Vra]]]>
    </line>
    <line>
      <![CDATA[Open draft email...]]>
    </line>
    <line>
      <![CDATA[Email is sent..]]>
    </line>
    <line>
      <![CDATA[Check if email exists in Draft folder...]]>
    </line>
    <line>
      <![CDATA[Check if email is in sent folder...]]>
    </line>
    <line>
      <![CDATA[Login to mail.ru by: User [login=vra_atmmodule6, password=123456789_Vra]]]>
    </line>
    <line>
      <![CDATA[Check if email is in incoming folder...]]>
    </line>
    <line>
      <![CDATA[Login to : https://mail.ru/]]>
    </line>
    <line>
      <![CDATA[Login to mail.ru by: User [login=vra_atmmodule6, password=123456789_Vra]]]>
    </line>
  </reporter-output>
  <suite name="Default suite" duration-ms="195441" started-at="2018-08-16T15:20:59Z" finished-at="2018-08-16T15:24:14Z">
    <groups>
      <group name="test_3">
        <method signature="MailDeleteTest.mailRuMailDeleteTest()[pri:0, instance:tests.MailDeleteTest@725bef66]" name="mailRuMailDeleteTest" class="tests.MailDeleteTest"/>
        <method signature="MailDeleteTest.dragNDropMailTest()[pri:0, instance:tests.MailDeleteTest@725bef66]" name="dragNDropMailTest" class="tests.MailDeleteTest"/>
      </group> <!-- test_3 -->
      <group name="test_2">
        <method signature="MailSendTest.mailRuMailSendingTest()[pri:0, instance:tests.MailSendTest@6833ce2c]" name="mailRuMailSendingTest" class="tests.MailSendTest"/>
      </group> <!-- test_2 -->
      <group name="test_1">
        <method signature="MailCreationTest.mailRuLoginTest()[pri:0, instance:tests.MailCreationTest@17d99928]" name="mailRuLoginTest" class="tests.MailCreationTest"/>
        <method signature="MailCreationTest.mailRuMailCreationTest()[pri:0, instance:tests.MailCreationTest@17d99928]" name="mailRuMailCreationTest" class="tests.MailCreationTest"/>
      </group> <!-- test_1 -->
    </groups>
    <test name="Default test" duration-ms="195441" started-at="2018-08-16T15:20:59Z" finished-at="2018-08-16T15:24:14Z">
      <class name="tests.MailDeleteTest">
        <test-method status="PASS" signature="startBrowser()[pri:0, instance:tests.MailDeleteTest@725bef66]" name="startBrowser" is-config="true" duration-ms="47388" started-at="2018-08-16T18:22:24Z" finished-at="2018-08-16T18:23:11Z">
          <reporter-output>
            <line>
              <![CDATA[Login to : https://mail.ru/]]>
            </line>
          </reporter-output>
        </test-method> <!-- startBrowser -->
        <test-method status="PASS" signature="mailRuMailDeleteTest()[pri:0, instance:tests.MailDeleteTest@725bef66]" name="mailRuMailDeleteTest" duration-ms="46415" depends-on-groups="test_2" started-at="2018-08-16T18:23:11Z" description="Mail delete" finished-at="2018-08-16T18:23:57Z">
          <reporter-output>
            <line>
              <![CDATA[Login to mail.ru by: User [login=vra_atmmodule6, password=123456789_Vra]]]>
            </line>
          </reporter-output>
        </test-method> <!-- mailRuMailDeleteTest -->
        <test-method name="dragNDropMailTest" signature="dragNDropMailTest()[pri:0, instance:tests.MailDeleteTest@725bef66]" depends-on-groups="test_2" status="PASS" duration-ms="12120" finished-at="2018-08-16T18:24:10Z" started-at="2018-08-16T18:23:57Z" depends-on-methods="tests.MailDeleteTest.mailRuMailDeleteTest" description="Mail drag and drop from Basket to DRAFT">
          <reporter-output>
          </reporter-output>
        </test-method> <!-- dragNDropMailTest -->
        <test-method status="PASS" signature="stopBrowser()[pri:0, instance:tests.MailDeleteTest@725bef66]" name="stopBrowser" is-config="true" duration-ms="4554" started-at="2018-08-16T18:24:10Z" description="Stop Browser" finished-at="2018-08-16T18:24:14Z">
          <reporter-output>
          </reporter-output>
        </test-method> <!-- stopBrowser -->
      </class> <!-- tests.MailDeleteTest -->
      <class name="tests.MailSendTest">
        <test-method status="PASS" signature="startBrowser()[pri:0, instance:tests.MailSendTest@6833ce2c]" name="startBrowser" is-config="true" duration-ms="5853" started-at="2018-08-16T18:21:34Z" finished-at="2018-08-16T18:21:40Z">
          <reporter-output>
            <line>
              <![CDATA[Login to : https://mail.ru/]]>
            </line>
          </reporter-output>
        </test-method> <!-- startBrowser -->
        <test-method status="PASS" signature="mailRuMailSendingTest()[pri:0, instance:tests.MailSendTest@6833ce2c]" name="mailRuMailSendingTest" duration-ms="36309" depends-on-groups="test_1" started-at="2018-08-16T18:21:40Z" description="Mail sending" finished-at="2018-08-16T18:22:17Z">
          <reporter-output>
            <line>
              <![CDATA[Login to mail.ru by: User [login=vra_atmmodule5, password=123456789_Vra]]]>
            </line>
            <line>
              <![CDATA[Open draft email...]]>
            </line>
            <line>
              <![CDATA[Email is sent..]]>
            </line>
            <line>
              <![CDATA[Check if email exists in Draft folder...]]>
            </line>
            <line>
              <![CDATA[Check if email is in sent folder...]]>
            </line>
            <line>
              <![CDATA[Login to mail.ru by: User [login=vra_atmmodule6, password=123456789_Vra]]]>
            </line>
            <line>
              <![CDATA[Check if email is in incoming folder...]]>
            </line>
          </reporter-output>
        </test-method> <!-- mailRuMailSendingTest -->
        <test-method status="PASS" signature="stopBrowser()[pri:0, instance:tests.MailSendTest@6833ce2c]" name="stopBrowser" is-config="true" duration-ms="7014" started-at="2018-08-16T18:22:17Z" description="Stop Browser" finished-at="2018-08-16T18:22:24Z">
          <reporter-output>
          </reporter-output>
        </test-method> <!-- stopBrowser -->
      </class> <!-- tests.MailSendTest -->
      <class name="tests.MailCreationTest">
        <test-method status="PASS" signature="startBrowser()[pri:0, instance:tests.MailCreationTest@17d99928]" name="startBrowser" is-config="true" duration-ms="16034" started-at="2018-08-16T18:20:59Z" finished-at="2018-08-16T18:21:15Z">
          <reporter-output>
            <line>
              <![CDATA[Login to : https://mail.ru/]]>
            </line>
          </reporter-output>
        </test-method> <!-- startBrowser -->
        <test-method status="PASS" signature="mailRuLoginTest()[pri:0, instance:tests.MailCreationTest@17d99928]" name="mailRuLoginTest" duration-ms="13818" started-at="2018-08-16T18:21:15Z" description="Login to mail.ru" finished-at="2018-08-16T18:21:28Z">
          <reporter-output>
            <line>
              <![CDATA[Login to mail.ru by: User [login=vra_atmmodule5, password=123456789_Vra]]]>
            </line>
          </reporter-output>
        </test-method> <!-- mailRuLoginTest -->
        <test-method status="PASS" signature="mailRuMailCreationTest()[pri:0, instance:tests.MailCreationTest@17d99928]" name="mailRuMailCreationTest" duration-ms="3510" started-at="2018-08-16T18:21:28Z" description="Mail creation" depends-on-methods="tests.MailCreationTest.mailRuLoginTest" finished-at="2018-08-16T18:21:32Z">
          <reporter-output>
            <line>
              <![CDATA[Email creation is started...Email [recipient=vra_atmmodule6@mail.ru, subject=TestSubject1534432859077, textBody=TestTextBody1534432859077]]]>
            </line>
            <line>
              <![CDATA[Check if email exists in Draft folder...]]>
            </line>
          </reporter-output>
        </test-method> <!-- mailRuMailCreationTest -->
        <test-method status="PASS" signature="stopBrowser()[pri:0, instance:tests.MailCreationTest@17d99928]" name="stopBrowser" is-config="true" duration-ms="2405" started-at="2018-08-16T18:21:32Z" description="Stop Browser" finished-at="2018-08-16T18:21:34Z">
          <reporter-output>
          </reporter-output>
        </test-method> <!-- stopBrowser -->
      </class> <!-- tests.MailCreationTest -->
    </test> <!-- Default test -->
  </suite> <!-- Default suite -->
</testng-results>
