<?xml version="1.0" encoding="UTF-8"?>
<!-- Generated by org.testng.reporters.JUnitXMLReporter -->
<testsuite hostname="EPBYMINW3159" name="Default test" tests="5" failures="0" timestamp="16 Aug 2018 15:24:14 GMT" time="195.441" errors="0">
  <testcase name="mailRuLoginTest" time="13.818" classname="tests.MailCreationTest"/>
  <testcase name="mailRuMailCreationTest" time="3.51" classname="tests.MailCreationTest"/>
  <testcase name="mailRuMailSendingTest" time="36.309" classname="tests.MailSendTest"/>
  <testcase name="mailRuMailDeleteTest" time="46.415" classname="tests.MailDeleteTest"/>
  <testcase name="dragNDropMailTest" time="12.12" classname="tests.MailDeleteTest"/>
</testsuite> <!-- Default test -->
